<?xml version="1.0" encoding="UTF-8"?>
<testsuites>
  <testsuite name="" tests="61" assertions="88" errors="0" warnings="0" failures="0" skipped="0" time="1.025579">
    <testsuite name="Project Test Suite" tests="61" assertions="88" errors="0" warnings="0" failures="0" skipped="0" time="1.025579">
      <testsuite name="App\Card\CardGraphicTest" file="/home/busigbil/dbwebb-kurser/mvc/me/report/tests/Card/CardGraphicTest.php" tests="1" assertions="2" errors="0" warnings="0" failures="0" skipped="0" time="0.006474">
        <testcase name="testCreateCardGraphic" class="App\Card\CardGraphicTest" classname="App.Card.CardGraphicTest" file="/home/busigbil/dbwebb-kurser/mvc/me/report/tests/Card/CardGraphicTest.php" line="16" assertions="2" time="0.006474"/>
      </testsuite>
      <testsuite name="App\Card\CardHandTest" file="/home/busigbil/dbwebb-kurser/mvc/me/report/tests/Card/CardHandTest.php" tests="2" assertions="2" errors="0" warnings="0" failures="0" skipped="0" time="0.001237">
        <testcase name="testCreateCardHand" class="App\Card\CardHandTest" classname="App.Card.CardHandTest" file="/home/busigbil/dbwebb-kurser/mvc/me/report/tests/Card/CardHandTest.php" line="32" assertions="1" time="0.000972"/>
        <testcase name="testGetCardCount" class="App\Card\CardHandTest" classname="App.Card.CardHandTest" file="/home/busigbil/dbwebb-kurser/mvc/me/report/tests/Card/CardHandTest.php" line="42" assertions="1" time="0.000265"/>
      </testsuite>
      <testsuite name="App\Card\CardTest" file="/home/busigbil/dbwebb-kurser/mvc/me/report/tests/Card/CardTest.php" tests="1" assertions="2" errors="0" warnings="0" failures="0" skipped="0" time="0.000212">
        <testcase name="testCreateCard" class="App\Card\CardTest" classname="App.Card.CardTest" file="/home/busigbil/dbwebb-kurser/mvc/me/report/tests/Card/CardTest.php" line="16" assertions="2" time="0.000212"/>
      </testsuite>
      <testsuite name="App\Card\DeckOfCardsTest" file="/home/busigbil/dbwebb-kurser/mvc/me/report/tests/Card/DeckOfCardsTest.php" tests="4" assertions="7" errors="0" warnings="0" failures="0" skipped="0" time="0.018393">
        <testcase name="testCreateDeckOfCards" class="App\Card\DeckOfCardsTest" classname="App.Card.DeckOfCardsTest" file="/home/busigbil/dbwebb-kurser/mvc/me/report/tests/Card/DeckOfCardsTest.php" line="16" assertions="2" time="0.001165"/>
        <testcase name="testShuffleAndSortCards" class="App\Card\DeckOfCardsTest" classname="App.Card.DeckOfCardsTest" file="/home/busigbil/dbwebb-kurser/mvc/me/report/tests/Card/DeckOfCardsTest.php" line="36" assertions="2" time="0.005774"/>
        <testcase name="testGetNoOfCards" class="App\Card\DeckOfCardsTest" classname="App.Card.DeckOfCardsTest" file="/home/busigbil/dbwebb-kurser/mvc/me/report/tests/Card/DeckOfCardsTest.php" line="62" assertions="2" time="0.000279"/>
        <testcase name="testDrawStubbedCard" class="App\Card\DeckOfCardsTest" classname="App.Card.DeckOfCardsTest" file="/home/busigbil/dbwebb-kurser/mvc/me/report/tests/Card/DeckOfCardsTest.php" line="81" assertions="1" time="0.011177"/>
      </testsuite>
      <testsuite name="App\Controller\DiceGameControllerTest" file="/home/busigbil/dbwebb-kurser/mvc/me/report/tests/Controller/DiceGameControllerTest.php" tests="10" assertions="13" errors="0" warnings="0" failures="0" skipped="0" time="0.448591">
        <testcase name="testInstantiateDiceGame" class="App\Controller\DiceGameControllerTest" classname="App.Controller.DiceGameControllerTest" file="/home/busigbil/dbwebb-kurser/mvc/me/report/tests/Controller/DiceGameControllerTest.php" line="21" assertions="1" time="0.002422"/>
        <testcase name="testControllerHome" class="App\Controller\DiceGameControllerTest" classname="App.Controller.DiceGameControllerTest" file="/home/busigbil/dbwebb-kurser/mvc/me/report/tests/Controller/DiceGameControllerTest.php" line="30" assertions="1" time="0.208934"/>
        <testcase name="testControllerRollOneDice" class="App\Controller\DiceGameControllerTest" classname="App.Controller.DiceGameControllerTest" file="/home/busigbil/dbwebb-kurser/mvc/me/report/tests/Controller/DiceGameControllerTest.php" line="40" assertions="1" time="0.027150"/>
        <testcase name="testControllerRollNumDices" class="App\Controller\DiceGameControllerTest" classname="App.Controller.DiceGameControllerTest" file="/home/busigbil/dbwebb-kurser/mvc/me/report/tests/Controller/DiceGameControllerTest.php" line="54" assertions="1" time="0.035370"/>
        <testcase name="testControllerShowHand" class="App\Controller\DiceGameControllerTest" classname="App.Controller.DiceGameControllerTest" file="/home/busigbil/dbwebb-kurser/mvc/me/report/tests/Controller/DiceGameControllerTest.php" line="68" assertions="1" time="0.027685"/>
        <testcase name="testControllerInit" class="App\Controller\DiceGameControllerTest" classname="App.Controller.DiceGameControllerTest" file="/home/busigbil/dbwebb-kurser/mvc/me/report/tests/Controller/DiceGameControllerTest.php" line="82" assertions="1" time="0.029756"/>
        <testcase name="testControllerInitCallback" class="App\Controller\DiceGameControllerTest" classname="App.Controller.DiceGameControllerTest" file="/home/busigbil/dbwebb-kurser/mvc/me/report/tests/Controller/DiceGameControllerTest.php" line="92" assertions="2" time="0.025903"/>
        <testcase name="testControllerPlay" class="App\Controller\DiceGameControllerTest" classname="App.Controller.DiceGameControllerTest" file="/home/busigbil/dbwebb-kurser/mvc/me/report/tests/Controller/DiceGameControllerTest.php" line="109" assertions="1" time="0.034667"/>
        <testcase name="testControllerRoll" class="App\Controller\DiceGameControllerTest" classname="App.Controller.DiceGameControllerTest" file="/home/busigbil/dbwebb-kurser/mvc/me/report/tests/Controller/DiceGameControllerTest.php" line="140" assertions="2" time="0.027351"/>
        <testcase name="testControllerSave" class="App\Controller\DiceGameControllerTest" classname="App.Controller.DiceGameControllerTest" file="/home/busigbil/dbwebb-kurser/mvc/me/report/tests/Controller/DiceGameControllerTest.php" line="166" assertions="2" time="0.029352"/>
      </testsuite>
      <testsuite name="App\Controller\Kmom02Test" file="/home/busigbil/dbwebb-kurser/mvc/me/report/tests/Controller/Kmom02Test.php" tests="8" assertions="9" errors="0" warnings="0" failures="0" skipped="0" time="0.230051">
        <testcase name="testInstantiateKmom02" class="App\Controller\Kmom02Test" classname="App.Controller.Kmom02Test" file="/home/busigbil/dbwebb-kurser/mvc/me/report/tests/Controller/Kmom02Test.php" line="17" assertions="1" time="0.001426"/>
        <testcase name="testControllerSession" class="App\Controller\Kmom02Test" classname="App.Controller.Kmom02Test" file="/home/busigbil/dbwebb-kurser/mvc/me/report/tests/Controller/Kmom02Test.php" line="26" assertions="1" time="0.029745"/>
        <testcase name="testControllerSessionDelete" class="App\Controller\Kmom02Test" classname="App.Controller.Kmom02Test" file="/home/busigbil/dbwebb-kurser/mvc/me/report/tests/Controller/Kmom02Test.php" line="36" assertions="2" time="0.020482"/>
        <testcase name="testControllerCard" class="App\Controller\Kmom02Test" classname="App.Controller.Kmom02Test" file="/home/busigbil/dbwebb-kurser/mvc/me/report/tests/Controller/Kmom02Test.php" line="46" assertions="1" time="0.032747"/>
        <testcase name="testControllerCardDeck" class="App\Controller\Kmom02Test" classname="App.Controller.Kmom02Test" file="/home/busigbil/dbwebb-kurser/mvc/me/report/tests/Controller/Kmom02Test.php" line="56" assertions="1" time="0.040165"/>
        <testcase name="testControllerCardDeckShuffle" class="App\Controller\Kmom02Test" classname="App.Controller.Kmom02Test" file="/home/busigbil/dbwebb-kurser/mvc/me/report/tests/Controller/Kmom02Test.php" line="71" assertions="1" time="0.042252"/>
        <testcase name="testControllerCardDeckDraw" class="App\Controller\Kmom02Test" classname="App.Controller.Kmom02Test" file="/home/busigbil/dbwebb-kurser/mvc/me/report/tests/Controller/Kmom02Test.php" line="86" assertions="1" time="0.031195"/>
        <testcase name="testControllerCardHand" class="App\Controller\Kmom02Test" classname="App.Controller.Kmom02Test" file="/home/busigbil/dbwebb-kurser/mvc/me/report/tests/Controller/Kmom02Test.php" line="102" assertions="1" time="0.032039"/>
      </testsuite>
      <testsuite name="App\Controller\LibraryControllerTest" file="/home/busigbil/dbwebb-kurser/mvc/me/report/tests/Controller/LibraryControllerTest.php" tests="11" assertions="15" errors="0" warnings="0" failures="0" skipped="0" time="0.301222">
        <testcase name="testInstantiateLibraryController" class="App\Controller\LibraryControllerTest" classname="App.Controller.LibraryControllerTest" file="/home/busigbil/dbwebb-kurser/mvc/me/report/tests/Controller/LibraryControllerTest.php" line="53" assertions="1" time="0.002276"/>
        <testcase name="testControllerJsonBooks" class="App\Controller\LibraryControllerTest" classname="App.Controller.LibraryControllerTest" file="/home/busigbil/dbwebb-kurser/mvc/me/report/tests/Controller/LibraryControllerTest.php" line="62" assertions="1" time="0.048905"/>
        <testcase name="testControllerJsonIsbn" class="App\Controller\LibraryControllerTest" classname="App.Controller.LibraryControllerTest" file="/home/busigbil/dbwebb-kurser/mvc/me/report/tests/Controller/LibraryControllerTest.php" line="72" assertions="1" time="0.023688"/>
        <testcase name="testControllerIndex" class="App\Controller\LibraryControllerTest" classname="App.Controller.LibraryControllerTest" file="/home/busigbil/dbwebb-kurser/mvc/me/report/tests/Controller/LibraryControllerTest.php" line="82" assertions="2" time="0.018173"/>
        <testcase name="testControllerAddBook" class="App\Controller\LibraryControllerTest" classname="App.Controller.LibraryControllerTest" file="/home/busigbil/dbwebb-kurser/mvc/me/report/tests/Controller/LibraryControllerTest.php" line="92" assertions="1" time="0.026610"/>
        <testcase name="testControllerAddBookCallback" class="App\Controller\LibraryControllerTest" classname="App.Controller.LibraryControllerTest" file="/home/busigbil/dbwebb-kurser/mvc/me/report/tests/Controller/LibraryControllerTest.php" line="102" assertions="2" time="0.026811"/>
        <testcase name="testControllerShowBook" class="App\Controller\LibraryControllerTest" classname="App.Controller.LibraryControllerTest" file="/home/busigbil/dbwebb-kurser/mvc/me/report/tests/Controller/LibraryControllerTest.php" line="121" assertions="1" time="0.031912"/>
        <testcase name="testControllerShowAll" class="App\Controller\LibraryControllerTest" classname="App.Controller.LibraryControllerTest" file="/home/busigbil/dbwebb-kurser/mvc/me/report/tests/Controller/LibraryControllerTest.php" line="131" assertions="1" time="0.031472"/>
        <testcase name="testControllerUpdateBook" class="App\Controller\LibraryControllerTest" classname="App.Controller.LibraryControllerTest" file="/home/busigbil/dbwebb-kurser/mvc/me/report/tests/Controller/LibraryControllerTest.php" line="141" assertions="1" time="0.032084"/>
        <testcase name="testControllerUpdateBookCallback" class="App\Controller\LibraryControllerTest" classname="App.Controller.LibraryControllerTest" file="/home/busigbil/dbwebb-kurser/mvc/me/report/tests/Controller/LibraryControllerTest.php" line="151" assertions="2" time="0.028455"/>
        <testcase name="testControllerDeleteBook" class="App\Controller\LibraryControllerTest" classname="App.Controller.LibraryControllerTest" file="/home/busigbil/dbwebb-kurser/mvc/me/report/tests/Controller/LibraryControllerTest.php" line="161" assertions="2" time="0.030836"/>
      </testsuite>
      <testsuite name="App\Dice\DiceGameTest" file="/home/busigbil/dbwebb-kurser/mvc/me/report/tests/Dice/DiceGameTest.php" tests="5" assertions="5" errors="0" warnings="0" failures="0" skipped="0" time="0.003406">
        <testcase name="testCreateDiceGame" class="App\Dice\DiceGameTest" classname="App.Dice.DiceGameTest" file="/home/busigbil/dbwebb-kurser/mvc/me/report/tests/Dice/DiceGameTest.php" line="17" assertions="1" time="0.001178"/>
        <testcase name="testCreateMixedHand" class="App\Dice\DiceGameTest" classname="App.Dice.DiceGameTest" file="/home/busigbil/dbwebb-kurser/mvc/me/report/tests/Dice/DiceGameTest.php" line="26" assertions="1" time="0.000528"/>
        <testcase name="testCreateHand" class="App\Dice\DiceGameTest" classname="App.Dice.DiceGameTest" file="/home/busigbil/dbwebb-kurser/mvc/me/report/tests/Dice/DiceGameTest.php" line="38" assertions="1" time="0.000395"/>
        <testcase name="testRollHand" class="App\Dice\DiceGameTest" classname="App.Dice.DiceGameTest" file="/home/busigbil/dbwebb-kurser/mvc/me/report/tests/Dice/DiceGameTest.php" line="50" assertions="1" time="0.000823"/>
        <testcase name="testGameRound" class="App\Dice\DiceGameTest" classname="App.Dice.DiceGameTest" file="/home/busigbil/dbwebb-kurser/mvc/me/report/tests/Dice/DiceGameTest.php" line="63" assertions="1" time="0.000482"/>
      </testsuite>
      <testsuite name="App\Dice\DiceGraphicTest" file="/home/busigbil/dbwebb-kurser/mvc/me/report/tests/Dice/DiceGraphicTest.php" tests="1" assertions="2" errors="0" warnings="0" failures="0" skipped="0" time="0.000846">
        <testcase name="testCreateDiceGraphic" class="App\Dice\DiceGraphicTest" classname="App.Dice.DiceGraphicTest" file="/home/busigbil/dbwebb-kurser/mvc/me/report/tests/Dice/DiceGraphicTest.php" line="16" assertions="2" time="0.000846"/>
      </testsuite>
      <testsuite name="App\Dice\DiceHandTest" file="/home/busigbil/dbwebb-kurser/mvc/me/report/tests/Dice/DiceHandTest.php" tests="2" assertions="4" errors="0" warnings="0" failures="0" skipped="0" time="0.001323">
        <testcase name="testAddStubbedDices" class="App\Dice\DiceHandTest" classname="App.Dice.DiceHandTest" file="/home/busigbil/dbwebb-kurser/mvc/me/report/tests/Dice/DiceHandTest.php" line="15" assertions="1" time="0.000859"/>
        <testcase name="testReturnValues" class="App\Dice\DiceHandTest" classname="App.Dice.DiceHandTest" file="/home/busigbil/dbwebb-kurser/mvc/me/report/tests/Dice/DiceHandTest.php" line="37" assertions="3" time="0.000464"/>
      </testsuite>
      <testsuite name="App\Dice\DiceTest" file="/home/busigbil/dbwebb-kurser/mvc/me/report/tests/Dice/DiceTest.php" tests="3" assertions="5" errors="0" warnings="0" failures="0" skipped="0" time="0.001311">
        <testcase name="testCreateDice" class="App\Dice\DiceTest" classname="App.Dice.DiceTest" file="/home/busigbil/dbwebb-kurser/mvc/me/report/tests/Dice/DiceTest.php" line="16" assertions="2" time="0.000329"/>
        <testcase name="testCreateObject" class="App\Dice\DiceTest" classname="App.Dice.DiceTest" file="/home/busigbil/dbwebb-kurser/mvc/me/report/tests/Dice/DiceTest.php" line="28" assertions="2" time="0.000471"/>
        <testcase name="testStubRollDiceLastRoll" class="App\Dice\DiceTest" classname="App.Dice.DiceTest" file="/home/busigbil/dbwebb-kurser/mvc/me/report/tests/Dice/DiceTest.php" line="41" assertions="1" time="0.000511"/>
      </testsuite>
      <testsuite name="App\Game\GameTest" file="/home/busigbil/dbwebb-kurser/mvc/me/report/tests/Game/GameTest.php" tests="8" assertions="16" errors="0" warnings="0" failures="0" skipped="0" time="0.009474">
        <testcase name="testCreateGame" class="App\Game\GameTest" classname="App.Game.GameTest" file="/home/busigbil/dbwebb-kurser/mvc/me/report/tests/Game/GameTest.php" line="18" assertions="3" time="0.002534"/>
        <testcase name="testPlayerLose" class="App\Game\GameTest" classname="App.Game.GameTest" file="/home/busigbil/dbwebb-kurser/mvc/me/report/tests/Game/GameTest.php" line="34" assertions="3" time="0.002017"/>
        <testcase name="testBankWinn" class="App\Game\GameTest" classname="App.Game.GameTest" file="/home/busigbil/dbwebb-kurser/mvc/me/report/tests/Game/GameTest.php" line="71" assertions="3" time="0.001423"/>
        <testcase name="testBankLose" class="App\Game\GameTest" classname="App.Game.GameTest" file="/home/busigbil/dbwebb-kurser/mvc/me/report/tests/Game/GameTest.php" line="109" assertions="3" time="0.001218"/>
        <testcase name="testPlayerIsWinner" class="App\Game\GameTest" classname="App.Game.GameTest" file="/home/busigbil/dbwebb-kurser/mvc/me/report/tests/Game/GameTest.php" line="147" assertions="1" time="0.000588"/>
        <testcase name="testBankIsWinner" class="App\Game\GameTest" classname="App.Game.GameTest" file="/home/busigbil/dbwebb-kurser/mvc/me/report/tests/Game/GameTest.php" line="169" assertions="1" time="0.000574"/>
        <testcase name="testPlayerOver21" class="App\Game\GameTest" classname="App.Game.GameTest" file="/home/busigbil/dbwebb-kurser/mvc/me/report/tests/Game/GameTest.php" line="190" assertions="1" time="0.000564"/>
        <testcase name="testBankOver21" class="App\Game\GameTest" classname="App.Game.GameTest" file="/home/busigbil/dbwebb-kurser/mvc/me/report/tests/Game/GameTest.php" line="212" assertions="1" time="0.000556"/>
      </testsuite>
      <testsuite name="App\Game\PlayerTest" file="/home/busigbil/dbwebb-kurser/mvc/me/report/tests/Game/PlayerTest.php" tests="5" assertions="6" errors="0" warnings="0" failures="0" skipped="0" time="0.003039">
        <testcase name="testCreatePlayer" class="App\Game\PlayerTest" classname="App.Game.PlayerTest" file="/home/busigbil/dbwebb-kurser/mvc/me/report/tests/Game/PlayerTest.php" line="18" assertions="2" time="0.000376"/>
        <testcase name="testDrawCardAndGetHand" class="App\Game\PlayerTest" classname="App.Game.PlayerTest" file="/home/busigbil/dbwebb-kurser/mvc/me/report/tests/Game/PlayerTest.php" line="31" assertions="1" time="0.000517"/>
        <testcase name="testSetHandAndGetScore" class="App\Game\PlayerTest" classname="App.Game.PlayerTest" file="/home/busigbil/dbwebb-kurser/mvc/me/report/tests/Game/PlayerTest.php" line="50" assertions="1" time="0.000731"/>
        <testcase name="testDrawCardOver21" class="App\Game\PlayerTest" classname="App.Game.PlayerTest" file="/home/busigbil/dbwebb-kurser/mvc/me/report/tests/Game/PlayerTest.php" line="69" assertions="1" time="0.000941"/>
        <testcase name="testHandLessThan17" class="App\Game\PlayerTest" classname="App.Game.PlayerTest" file="/home/busigbil/dbwebb-kurser/mvc/me/report/tests/Game/PlayerTest.php" line="91" assertions="1" time="0.000475"/>
      </testsuite>
    </testsuite>
  </testsuite>
</testsuites>
