<?xml version="1.0" encoding="UTF-8"?>
<testsuites>
  <testsuite name="" tests="61" assertions="88" errors="0" warnings="0" failures="0" skipped="0" time="0.973160">
    <testsuite name="Project Test Suite" tests="61" assertions="88" errors="0" warnings="0" failures="0" skipped="0" time="0.973160">
      <testsuite name="App\Card\CardGraphicTest" file="/home/busigbil/dbwebb-kurser/mvc/me/report/tests/Card/CardGraphicTest.php" tests="1" assertions="2" errors="0" warnings="0" failures="0" skipped="0" time="0.006396">
        <testcase name="testCreateCardGraphic" class="App\Card\CardGraphicTest" classname="App.Card.CardGraphicTest" file="/home/busigbil/dbwebb-kurser/mvc/me/report/tests/Card/CardGraphicTest.php" line="16" assertions="2" time="0.006396"/>
      </testsuite>
      <testsuite name="App\Card\CardHandTest" file="/home/busigbil/dbwebb-kurser/mvc/me/report/tests/Card/CardHandTest.php" tests="2" assertions="2" errors="0" warnings="0" failures="0" skipped="0" time="0.000928">
        <testcase name="testCreateCardHand" class="App\Card\CardHandTest" classname="App.Card.CardHandTest" file="/home/busigbil/dbwebb-kurser/mvc/me/report/tests/Card/CardHandTest.php" line="32" assertions="1" time="0.000689"/>
        <testcase name="testGetCardCount" class="App\Card\CardHandTest" classname="App.Card.CardHandTest" file="/home/busigbil/dbwebb-kurser/mvc/me/report/tests/Card/CardHandTest.php" line="42" assertions="1" time="0.000239"/>
      </testsuite>
      <testsuite name="App\Card\CardTest" file="/home/busigbil/dbwebb-kurser/mvc/me/report/tests/Card/CardTest.php" tests="1" assertions="2" errors="0" warnings="0" failures="0" skipped="0" time="0.000226">
        <testcase name="testCreateCard" class="App\Card\CardTest" classname="App.Card.CardTest" file="/home/busigbil/dbwebb-kurser/mvc/me/report/tests/Card/CardTest.php" line="16" assertions="2" time="0.000226"/>
      </testsuite>
      <testsuite name="App\Card\DeckOfCardsTest" file="/home/busigbil/dbwebb-kurser/mvc/me/report/tests/Card/DeckOfCardsTest.php" tests="4" assertions="7" errors="0" warnings="0" failures="0" skipped="0" time="0.019060">
        <testcase name="testCreateDeckOfCards" class="App\Card\DeckOfCardsTest" classname="App.Card.DeckOfCardsTest" file="/home/busigbil/dbwebb-kurser/mvc/me/report/tests/Card/DeckOfCardsTest.php" line="16" assertions="2" time="0.000799"/>
        <testcase name="testShuffleAndSortCards" class="App\Card\DeckOfCardsTest" classname="App.Card.DeckOfCardsTest" file="/home/busigbil/dbwebb-kurser/mvc/me/report/tests/Card/DeckOfCardsTest.php" line="36" assertions="2" time="0.006106"/>
        <testcase name="testGetNoOfCards" class="App\Card\DeckOfCardsTest" classname="App.Card.DeckOfCardsTest" file="/home/busigbil/dbwebb-kurser/mvc/me/report/tests/Card/DeckOfCardsTest.php" line="62" assertions="2" time="0.000290"/>
        <testcase name="testDrawStubbedCard" class="App\Card\DeckOfCardsTest" classname="App.Card.DeckOfCardsTest" file="/home/busigbil/dbwebb-kurser/mvc/me/report/tests/Card/DeckOfCardsTest.php" line="81" assertions="1" time="0.011864"/>
      </testsuite>
      <testsuite name="App\Controller\DiceGameControllerTest" file="/home/busigbil/dbwebb-kurser/mvc/me/report/tests/Controller/DiceGameControllerTest.php" tests="10" assertions="13" errors="0" warnings="0" failures="0" skipped="0" time="0.381127">
        <testcase name="testInstantiateDiceGame" class="App\Controller\DiceGameControllerTest" classname="App.Controller.DiceGameControllerTest" file="/home/busigbil/dbwebb-kurser/mvc/me/report/tests/Controller/DiceGameControllerTest.php" line="21" assertions="1" time="0.002508"/>
        <testcase name="testControllerHome" class="App\Controller\DiceGameControllerTest" classname="App.Controller.DiceGameControllerTest" file="/home/busigbil/dbwebb-kurser/mvc/me/report/tests/Controller/DiceGameControllerTest.php" line="30" assertions="1" time="0.136841"/>
        <testcase name="testControllerRollOneDice" class="App\Controller\DiceGameControllerTest" classname="App.Controller.DiceGameControllerTest" file="/home/busigbil/dbwebb-kurser/mvc/me/report/tests/Controller/DiceGameControllerTest.php" line="40" assertions="1" time="0.026593"/>
        <testcase name="testControllerRollNumDices" class="App\Controller\DiceGameControllerTest" classname="App.Controller.DiceGameControllerTest" file="/home/busigbil/dbwebb-kurser/mvc/me/report/tests/Controller/DiceGameControllerTest.php" line="54" assertions="1" time="0.038780"/>
        <testcase name="testControllerShowHand" class="App\Controller\DiceGameControllerTest" classname="App.Controller.DiceGameControllerTest" file="/home/busigbil/dbwebb-kurser/mvc/me/report/tests/Controller/DiceGameControllerTest.php" line="68" assertions="1" time="0.029926"/>
        <testcase name="testControllerInit" class="App\Controller\DiceGameControllerTest" classname="App.Controller.DiceGameControllerTest" file="/home/busigbil/dbwebb-kurser/mvc/me/report/tests/Controller/DiceGameControllerTest.php" line="82" assertions="1" time="0.026537"/>
        <testcase name="testControllerInitCallback" class="App\Controller\DiceGameControllerTest" classname="App.Controller.DiceGameControllerTest" file="/home/busigbil/dbwebb-kurser/mvc/me/report/tests/Controller/DiceGameControllerTest.php" line="92" assertions="2" time="0.029850"/>
        <testcase name="testControllerPlay" class="App\Controller\DiceGameControllerTest" classname="App.Controller.DiceGameControllerTest" file="/home/busigbil/dbwebb-kurser/mvc/me/report/tests/Controller/DiceGameControllerTest.php" line="109" assertions="1" time="0.043145"/>
        <testcase name="testControllerRoll" class="App\Controller\DiceGameControllerTest" classname="App.Controller.DiceGameControllerTest" file="/home/busigbil/dbwebb-kurser/mvc/me/report/tests/Controller/DiceGameControllerTest.php" line="140" assertions="2" time="0.024663"/>
        <testcase name="testControllerSave" class="App\Controller\DiceGameControllerTest" classname="App.Controller.DiceGameControllerTest" file="/home/busigbil/dbwebb-kurser/mvc/me/report/tests/Controller/DiceGameControllerTest.php" line="166" assertions="2" time="0.022283"/>
      </testsuite>
      <testsuite name="App\Controller\Kmom02Test" file="/home/busigbil/dbwebb-kurser/mvc/me/report/tests/Controller/Kmom02Test.php" tests="8" assertions="9" errors="0" warnings="0" failures="0" skipped="0" time="0.229840">
        <testcase name="testInstantiateKmom02" class="App\Controller\Kmom02Test" classname="App.Controller.Kmom02Test" file="/home/busigbil/dbwebb-kurser/mvc/me/report/tests/Controller/Kmom02Test.php" line="17" assertions="1" time="0.001193"/>
        <testcase name="testControllerSession" class="App\Controller\Kmom02Test" classname="App.Controller.Kmom02Test" file="/home/busigbil/dbwebb-kurser/mvc/me/report/tests/Controller/Kmom02Test.php" line="26" assertions="1" time="0.032075"/>
        <testcase name="testControllerSessionDelete" class="App\Controller\Kmom02Test" classname="App.Controller.Kmom02Test" file="/home/busigbil/dbwebb-kurser/mvc/me/report/tests/Controller/Kmom02Test.php" line="36" assertions="2" time="0.019641"/>
        <testcase name="testControllerCard" class="App\Controller\Kmom02Test" classname="App.Controller.Kmom02Test" file="/home/busigbil/dbwebb-kurser/mvc/me/report/tests/Controller/Kmom02Test.php" line="46" assertions="1" time="0.030688"/>
        <testcase name="testControllerCardDeck" class="App\Controller\Kmom02Test" classname="App.Controller.Kmom02Test" file="/home/busigbil/dbwebb-kurser/mvc/me/report/tests/Controller/Kmom02Test.php" line="56" assertions="1" time="0.042516"/>
        <testcase name="testControllerCardDeckShuffle" class="App\Controller\Kmom02Test" classname="App.Controller.Kmom02Test" file="/home/busigbil/dbwebb-kurser/mvc/me/report/tests/Controller/Kmom02Test.php" line="71" assertions="1" time="0.042339"/>
        <testcase name="testControllerCardDeckDraw" class="App\Controller\Kmom02Test" classname="App.Controller.Kmom02Test" file="/home/busigbil/dbwebb-kurser/mvc/me/report/tests/Controller/Kmom02Test.php" line="86" assertions="1" time="0.029772"/>
        <testcase name="testControllerCardHand" class="App\Controller\Kmom02Test" classname="App.Controller.Kmom02Test" file="/home/busigbil/dbwebb-kurser/mvc/me/report/tests/Controller/Kmom02Test.php" line="102" assertions="1" time="0.031616"/>
      </testsuite>
      <testsuite name="App\Controller\LibraryControllerTest" file="/home/busigbil/dbwebb-kurser/mvc/me/report/tests/Controller/LibraryControllerTest.php" tests="11" assertions="15" errors="0" warnings="0" failures="0" skipped="0" time="0.317782">
        <testcase name="testInstantiateLibraryController" class="App\Controller\LibraryControllerTest" classname="App.Controller.LibraryControllerTest" file="/home/busigbil/dbwebb-kurser/mvc/me/report/tests/Controller/LibraryControllerTest.php" line="53" assertions="1" time="0.002096"/>
        <testcase name="testControllerJsonBooks" class="App\Controller\LibraryControllerTest" classname="App.Controller.LibraryControllerTest" file="/home/busigbil/dbwebb-kurser/mvc/me/report/tests/Controller/LibraryControllerTest.php" line="62" assertions="1" time="0.054011"/>
        <testcase name="testControllerJsonIsbn" class="App\Controller\LibraryControllerTest" classname="App.Controller.LibraryControllerTest" file="/home/busigbil/dbwebb-kurser/mvc/me/report/tests/Controller/LibraryControllerTest.php" line="72" assertions="1" time="0.024120"/>
        <testcase name="testControllerIndex" class="App\Controller\LibraryControllerTest" classname="App.Controller.LibraryControllerTest" file="/home/busigbil/dbwebb-kurser/mvc/me/report/tests/Controller/LibraryControllerTest.php" line="82" assertions="2" time="0.019351"/>
        <testcase name="testControllerAddBook" class="App\Controller\LibraryControllerTest" classname="App.Controller.LibraryControllerTest" file="/home/busigbil/dbwebb-kurser/mvc/me/report/tests/Controller/LibraryControllerTest.php" line="92" assertions="1" time="0.028271"/>
        <testcase name="testControllerAddBookCallback" class="App\Controller\LibraryControllerTest" classname="App.Controller.LibraryControllerTest" file="/home/busigbil/dbwebb-kurser/mvc/me/report/tests/Controller/LibraryControllerTest.php" line="102" assertions="2" time="0.027613"/>
        <testcase name="testControllerShowBook" class="App\Controller\LibraryControllerTest" classname="App.Controller.LibraryControllerTest" file="/home/busigbil/dbwebb-kurser/mvc/me/report/tests/Controller/LibraryControllerTest.php" line="121" assertions="1" time="0.034119"/>
        <testcase name="testControllerShowAll" class="App\Controller\LibraryControllerTest" classname="App.Controller.LibraryControllerTest" file="/home/busigbil/dbwebb-kurser/mvc/me/report/tests/Controller/LibraryControllerTest.php" line="131" assertions="1" time="0.031631"/>
        <testcase name="testControllerUpdateBook" class="App\Controller\LibraryControllerTest" classname="App.Controller.LibraryControllerTest" file="/home/busigbil/dbwebb-kurser/mvc/me/report/tests/Controller/LibraryControllerTest.php" line="141" assertions="1" time="0.034989"/>
        <testcase name="testControllerUpdateBookCallback" class="App\Controller\LibraryControllerTest" classname="App.Controller.LibraryControllerTest" file="/home/busigbil/dbwebb-kurser/mvc/me/report/tests/Controller/LibraryControllerTest.php" line="151" assertions="2" time="0.029332"/>
        <testcase name="testControllerDeleteBook" class="App\Controller\LibraryControllerTest" classname="App.Controller.LibraryControllerTest" file="/home/busigbil/dbwebb-kurser/mvc/me/report/tests/Controller/LibraryControllerTest.php" line="161" assertions="2" time="0.032248"/>
      </testsuite>
      <testsuite name="App\Dice\DiceGameTest" file="/home/busigbil/dbwebb-kurser/mvc/me/report/tests/Dice/DiceGameTest.php" tests="5" assertions="5" errors="0" warnings="0" failures="0" skipped="0" time="0.002793">
        <testcase name="testCreateDiceGame" class="App\Dice\DiceGameTest" classname="App.Dice.DiceGameTest" file="/home/busigbil/dbwebb-kurser/mvc/me/report/tests/Dice/DiceGameTest.php" line="17" assertions="1" time="0.000725"/>
        <testcase name="testCreateMixedHand" class="App\Dice\DiceGameTest" classname="App.Dice.DiceGameTest" file="/home/busigbil/dbwebb-kurser/mvc/me/report/tests/Dice/DiceGameTest.php" line="26" assertions="1" time="0.000327"/>
        <testcase name="testCreateHand" class="App\Dice\DiceGameTest" classname="App.Dice.DiceGameTest" file="/home/busigbil/dbwebb-kurser/mvc/me/report/tests/Dice/DiceGameTest.php" line="38" assertions="1" time="0.000318"/>
        <testcase name="testRollHand" class="App\Dice\DiceGameTest" classname="App.Dice.DiceGameTest" file="/home/busigbil/dbwebb-kurser/mvc/me/report/tests/Dice/DiceGameTest.php" line="50" assertions="1" time="0.000873"/>
        <testcase name="testGameRound" class="App\Dice\DiceGameTest" classname="App.Dice.DiceGameTest" file="/home/busigbil/dbwebb-kurser/mvc/me/report/tests/Dice/DiceGameTest.php" line="63" assertions="1" time="0.000549"/>
      </testsuite>
      <testsuite name="App\Dice\DiceGraphicTest" file="/home/busigbil/dbwebb-kurser/mvc/me/report/tests/Dice/DiceGraphicTest.php" tests="1" assertions="2" errors="0" warnings="0" failures="0" skipped="0" time="0.000689">
        <testcase name="testCreateDiceGraphic" class="App\Dice\DiceGraphicTest" classname="App.Dice.DiceGraphicTest" file="/home/busigbil/dbwebb-kurser/mvc/me/report/tests/Dice/DiceGraphicTest.php" line="16" assertions="2" time="0.000689"/>
      </testsuite>
      <testsuite name="App\Dice\DiceHandTest" file="/home/busigbil/dbwebb-kurser/mvc/me/report/tests/Dice/DiceHandTest.php" tests="2" assertions="4" errors="0" warnings="0" failures="0" skipped="0" time="0.001267">
        <testcase name="testAddStubbedDices" class="App\Dice\DiceHandTest" classname="App.Dice.DiceHandTest" file="/home/busigbil/dbwebb-kurser/mvc/me/report/tests/Dice/DiceHandTest.php" line="15" assertions="1" time="0.000828"/>
        <testcase name="testReturnValues" class="App\Dice\DiceHandTest" classname="App.Dice.DiceHandTest" file="/home/busigbil/dbwebb-kurser/mvc/me/report/tests/Dice/DiceHandTest.php" line="37" assertions="3" time="0.000439"/>
      </testsuite>
      <testsuite name="App\Dice\DiceTest" file="/home/busigbil/dbwebb-kurser/mvc/me/report/tests/Dice/DiceTest.php" tests="3" assertions="5" errors="0" warnings="0" failures="0" skipped="0" time="0.001087">
        <testcase name="testCreateDice" class="App\Dice\DiceTest" classname="App.Dice.DiceTest" file="/home/busigbil/dbwebb-kurser/mvc/me/report/tests/Dice/DiceTest.php" line="16" assertions="2" time="0.000280"/>
        <testcase name="testCreateObject" class="App\Dice\DiceTest" classname="App.Dice.DiceTest" file="/home/busigbil/dbwebb-kurser/mvc/me/report/tests/Dice/DiceTest.php" line="28" assertions="2" time="0.000366"/>
        <testcase name="testStubRollDiceLastRoll" class="App\Dice\DiceTest" classname="App.Dice.DiceTest" file="/home/busigbil/dbwebb-kurser/mvc/me/report/tests/Dice/DiceTest.php" line="41" assertions="1" time="0.000440"/>
      </testsuite>
      <testsuite name="App\Game\GameTest" file="/home/busigbil/dbwebb-kurser/mvc/me/report/tests/Game/GameTest.php" tests="8" assertions="16" errors="0" warnings="0" failures="0" skipped="0" time="0.008961">
        <testcase name="testCreateGame" class="App\Game\GameTest" classname="App.Game.GameTest" file="/home/busigbil/dbwebb-kurser/mvc/me/report/tests/Game/GameTest.php" line="18" assertions="3" time="0.001516"/>
        <testcase name="testPlayerLose" class="App\Game\GameTest" classname="App.Game.GameTest" file="/home/busigbil/dbwebb-kurser/mvc/me/report/tests/Game/GameTest.php" line="34" assertions="3" time="0.002558"/>
        <testcase name="testBankWinn" class="App\Game\GameTest" classname="App.Game.GameTest" file="/home/busigbil/dbwebb-kurser/mvc/me/report/tests/Game/GameTest.php" line="71" assertions="3" time="0.001493"/>
        <testcase name="testBankLose" class="App\Game\GameTest" classname="App.Game.GameTest" file="/home/busigbil/dbwebb-kurser/mvc/me/report/tests/Game/GameTest.php" line="109" assertions="3" time="0.001088"/>
        <testcase name="testPlayerIsWinner" class="App\Game\GameTest" classname="App.Game.GameTest" file="/home/busigbil/dbwebb-kurser/mvc/me/report/tests/Game/GameTest.php" line="147" assertions="1" time="0.000605"/>
        <testcase name="testBankIsWinner" class="App\Game\GameTest" classname="App.Game.GameTest" file="/home/busigbil/dbwebb-kurser/mvc/me/report/tests/Game/GameTest.php" line="169" assertions="1" time="0.000578"/>
        <testcase name="testPlayerOver21" class="App\Game\GameTest" classname="App.Game.GameTest" file="/home/busigbil/dbwebb-kurser/mvc/me/report/tests/Game/GameTest.php" line="190" assertions="1" time="0.000574"/>
        <testcase name="testBankOver21" class="App\Game\GameTest" classname="App.Game.GameTest" file="/home/busigbil/dbwebb-kurser/mvc/me/report/tests/Game/GameTest.php" line="212" assertions="1" time="0.000549"/>
      </testsuite>
      <testsuite name="App\Game\PlayerTest" file="/home/busigbil/dbwebb-kurser/mvc/me/report/tests/Game/PlayerTest.php" tests="5" assertions="6" errors="0" warnings="0" failures="0" skipped="0" time="0.003004">
        <testcase name="testCreatePlayer" class="App\Game\PlayerTest" classname="App.Game.PlayerTest" file="/home/busigbil/dbwebb-kurser/mvc/me/report/tests/Game/PlayerTest.php" line="18" assertions="2" time="0.000353"/>
        <testcase name="testDrawCardAndGetHand" class="App\Game\PlayerTest" classname="App.Game.PlayerTest" file="/home/busigbil/dbwebb-kurser/mvc/me/report/tests/Game/PlayerTest.php" line="31" assertions="1" time="0.000515"/>
        <testcase name="testSetHandAndGetScore" class="App\Game\PlayerTest" classname="App.Game.PlayerTest" file="/home/busigbil/dbwebb-kurser/mvc/me/report/tests/Game/PlayerTest.php" line="50" assertions="1" time="0.000798"/>
        <testcase name="testDrawCardOver21" class="App\Game\PlayerTest" classname="App.Game.PlayerTest" file="/home/busigbil/dbwebb-kurser/mvc/me/report/tests/Game/PlayerTest.php" line="69" assertions="1" time="0.000883"/>
        <testcase name="testHandLessThan17" class="App\Game\PlayerTest" classname="App.Game.PlayerTest" file="/home/busigbil/dbwebb-kurser/mvc/me/report/tests/Game/PlayerTest.php" line="91" assertions="1" time="0.000456"/>
      </testsuite>
    </testsuite>
  </testsuite>
</testsuites>
